生成启动时间为 2013/6/12 23:23:37。
     1>项目“C:\Users\admin\Desktop\Freshman fall and winter learning materials\大一下\C大程\xjm\xjm\xjm.vcxproj”在节点 2 上(build 个目标)。
     1>InitializeBuildStatus:
         正在创建“Debug\xjm.unsuccessfulbuild”，因为已指定“AlwaysCreate”。
       ClCompile:
         C:\Program Files\Microsoft Visual Studio 10.0\VC\bin\CL.exe /c /ZI /nologo /W3 /WX- /Od /Oy- /D WIN32 /D _DEBUG /D _WINDOWS /D _UNICODE /D UNICODE /Gm /EHsc /RTC1 /MDd /GS /fp:precise /Zc:wchar_t /Zc:forScope /Fo"Debug\\" /Fd"Debug\vc100.pdb" /Gd /TC /analyze- /errorReport:prompt begin.c
         begin.c
     1>c:\users\admin\desktop\freshman fall and winter learning materials\大一下\c大程\xjm\xjm\begin.c(36): warning C4244: “=”: 从“int”转换到“float”，可能丢失数据
     1>c:\users\admin\desktop\freshman fall and winter learning materials\大一下\c大程\xjm\xjm\begin.c(37): warning C4244: “=”: 从“int”转换到“float”，可能丢失数据
     1>c:\users\admin\desktop\freshman fall and winter learning materials\大一下\c大程\xjm\xjm\begin.c(38): warning C4244: “函数”: 从“float”转换到“int”，可能丢失数据
     1>c:\users\admin\desktop\freshman fall and winter learning materials\大一下\c大程\xjm\xjm\begin.c(38): warning C4244: “函数”: 从“float”转换到“int”，可能丢失数据
     1>c:\users\admin\desktop\freshman fall and winter learning materials\大一下\c大程\xjm\xjm\begin.c(44): warning C4244: “函数”: 从“float”转换到“int”，可能丢失数据
     1>c:\users\admin\desktop\freshman fall and winter learning materials\大一下\c大程\xjm\xjm\begin.c(44): warning C4244: “函数”: 从“float”转换到“int”，可能丢失数据
     1>c:\users\admin\desktop\freshman fall and winter learning materials\大一下\c大程\xjm\xjm\begin.c(64): warning C4244: “=”: 从“float”转换到“int”，可能丢失数据
     1>c:\users\admin\desktop\freshman fall and winter learning materials\大一下\c大程\xjm\xjm\begin.c(67): warning C4244: “=”: 从“float”转换到“int”，可能丢失数据
     1>c:\users\admin\desktop\freshman fall and winter learning materials\大一下\c大程\xjm\xjm\begin.c(72): warning C4244: “=”: 从“float”转换到“int”，可能丢失数据
     1>c:\users\admin\desktop\freshman fall and winter learning materials\大一下\c大程\xjm\xjm\begin.c(75): warning C4244: “=”: 从“float”转换到“int”，可能丢失数据
     1>c:\users\admin\desktop\freshman fall and winter learning materials\大一下\c大程\xjm\xjm\begin.c(31): warning C4101: “i1”: 未引用的局部变量
     1>c:\users\admin\desktop\freshman fall and winter learning materials\大一下\c大程\xjm\xjm\begin.c(31): warning C4101: “j1”: 未引用的局部变量
       ManifestResourceCompile:
         所有输出均为最新。
       Link:
         C:\Program Files\Microsoft Visual Studio 10.0\VC\bin\link.exe /ERRORREPORT:PROMPT /OUT:"C:\Users\admin\Desktop\Freshman fall and winter learning materials\大一下\C大程\xjm\Debug\xjm.exe" /INCREMENTAL /NOLOGO kernel32.lib user32.lib gdi32.lib winspool.lib comdlg32.lib advapi32.lib shell32.lib ole32.lib oleaut32.lib uuid.lib odbc32.lib odbccp32.lib /MANIFEST /ManifestFile:"Debug\xjm.exe.intermediate.manifest" /MANIFESTUAC:"level='asInvoker' uiAccess='false'" /DEBUG /PDB:"C:\Users\admin\Desktop\Freshman fall and winter learning materials\大一下\C大程\xjm\Debug\xjm.pdb" /SUBSYSTEM:WINDOWS /TLBID:1 /DYNAMICBASE /NXCOMPAT /IMPLIB:"C:\Users\admin\Desktop\Freshman fall and winter learning materials\大一下\C大程\xjm\Debug\xjm.lib" /MACHINE:X86 Debug\xjm.exe.embed.manifest.res
         Debug\acllib.obj
         Debug\begin.obj
       Manifest:
         C:\Program Files\Microsoft SDKs\Windows\v7.0A\bin\mt.exe /nologo /verbose /out:"Debug\xjm.exe.embed.manifest" /manifest Debug\xjm.exe.intermediate.manifest
         所有输出均为最新。
       LinkEmbedManifest:
         所有输出均为最新。
         xjm.vcxproj -> C:\Users\admin\Desktop\Freshman fall and winter learning materials\大一下\C大程\xjm\Debug\xjm.exe
       FinalizeBuildStatus:
         正在删除文件“Debug\xjm.unsuccessfulbuild”。
         正在对“Debug\xjm.lastbuildstate”执行 Touch 任务。
     1>已完成生成项目“C:\Users\admin\Desktop\Freshman fall and winter learning materials\大一下\C大程\xjm\xjm\xjm.vcxproj”(build 个目标)的操作。

生成成功。

已用时间 00:00:03.99
